2021-12-19 21:50:19.552  INFO DESKTOP-K9HJ7U1 - [           main] [c.p.s.SmdbPf7Application           ] : Hello
2021-12-19 21:50:58.161  INFO DESKTOP-K9HJ7U1 - [           main] [c.SpringBootTestContextBootstrapper] : Neither @ContextConfiguration nor @ContextHierarchy found for test class [com.pf7.smdb.base.SmdbPf7ApplicationTests], using SpringBootContextLoader
2021-12-19 21:50:58.215  INFO DESKTOP-K9HJ7U1 - [           main] [o.s.t.c.s.AbstractContextLoader    ] : Could not detect default resource locations for test class [com.pf7.smdb.base.SmdbPf7ApplicationTests]: no resource found for suffixes {-context.xml, Context.groovy}.
2021-12-19 21:50:58.215  INFO DESKTOP-K9HJ7U1 - [           main] [.AnnotationConfigContextLoaderUtils] : Could not detect default configuration classes for test class [com.pf7.smdb.base.SmdbPf7ApplicationTests]: SmdbPf7ApplicationTests does not declare any static, non-private, non-final, nested classes annotated with @Configuration.
2021-12-19 21:50:58.616  INFO DESKTOP-K9HJ7U1 - [           main] [c.SpringBootTestContextBootstrapper] : Found @SpringBootConfiguration com.pf7.smdb.SmdbPf7Application for test class com.pf7.smdb.base.SmdbPf7ApplicationTests
2021-12-19 21:50:58.917  INFO DESKTOP-K9HJ7U1 - [           main] [c.SpringBootTestContextBootstrapper] : Loaded default TestExecutionListener class names from location [META-INF/spring.factories]: [org.springframework.boot.test.mock.mockito.MockitoTestExecutionListener, org.springframework.boot.test.mock.mockito.ResetMocksTestExecutionListener, org.springframework.boot.test.autoconfigure.restdocs.RestDocsTestExecutionListener, org.springframework.boot.test.autoconfigure.web.client.MockRestServiceServerResetTestExecutionListener, org.springframework.boot.test.autoconfigure.web.servlet.MockMvcPrintOnlyOnFailureTestExecutionListener, org.springframework.boot.test.autoconfigure.web.servlet.WebDriverTestExecutionListener, org.springframework.boot.test.autoconfigure.webservices.client.MockWebServiceServerTestExecutionListener, org.springframework.test.context.web.ServletTestExecutionListener, org.springframework.test.context.support.DirtiesContextBeforeModesTestExecutionListener, org.springframework.test.context.event.ApplicationEventsTestExecutionListener, org.springframework.test.context.support.DependencyInjectionTestExecutionListener, org.springframework.test.context.support.DirtiesContextTestExecutionListener, org.springframework.test.context.transaction.TransactionalTestExecutionListener, org.springframework.test.context.jdbc.SqlScriptsTestExecutionListener, org.springframework.test.context.event.EventPublishingTestExecutionListener]
2021-12-19 21:50:59.017  INFO DESKTOP-K9HJ7U1 - [           main] [c.SpringBootTestContextBootstrapper] : Using TestExecutionListeners: [org.springframework.test.context.web.ServletTestExecutionListener@36dce7ed, org.springframework.test.context.support.DirtiesContextBeforeModesTestExecutionListener@47a64f7d, org.springframework.test.context.event.ApplicationEventsTestExecutionListener@33d05366, org.springframework.boot.test.mock.mockito.MockitoTestExecutionListener@27a0a5a2, org.springframework.boot.test.autoconfigure.SpringBootDependencyInjectionTestExecutionListener@7692cd34, org.springframework.test.context.support.DirtiesContextTestExecutionListener@33aa93c, org.springframework.test.context.transaction.TransactionalTestExecutionListener@32c0915e, org.springframework.test.context.jdbc.SqlScriptsTestExecutionListener@106faf11, org.springframework.test.context.event.EventPublishingTestExecutionListener@70f43b45, org.springframework.boot.test.mock.mockito.ResetMocksTestExecutionListener@26d10f2e, org.springframework.boot.test.autoconfigure.restdocs.RestDocsTestExecutionListener@10ad20cb, org.springframework.boot.test.autoconfigure.web.client.MockRestServiceServerResetTestExecutionListener@7dd712e8, org.springframework.boot.test.autoconfigure.web.servlet.MockMvcPrintOnlyOnFailureTestExecutionListener@2c282004, org.springframework.boot.test.autoconfigure.web.servlet.WebDriverTestExecutionListener@22ee2d0, org.springframework.boot.test.autoconfigure.webservices.client.MockWebServiceServerTestExecutionListener@7bfc3126]
2021-12-19 21:51:00.164  INFO DESKTOP-K9HJ7U1 - [           main] [c.p.s.b.SmdbPf7ApplicationTests    ] : Starting SmdbPf7ApplicationTests using Java 17.0.1 on DESKTOP-K9HJ7U1 with PID 8796 (started by vivi- in C:\Users\vivi-\Desktop\SMDB_pf7\SMDB_pf7)
2021-12-19 21:51:00.180 DEBUG DESKTOP-K9HJ7U1 - [           main] [c.p.s.b.SmdbPf7ApplicationTests    ] : Running with Spring Boot v2.6.1, Spring v5.3.13
2021-12-19 21:51:00.180  INFO DESKTOP-K9HJ7U1 - [           main] [c.p.s.b.SmdbPf7ApplicationTests    ] : No active profile set, falling back to default profiles: default
2021-12-19 21:51:00.248  INFO DESKTOP-K9HJ7U1 - [kground-preinit] [o.h.v.i.u.Version                  ] : HV000001: Hibernate Validator 6.2.0.Final
2021-12-19 21:51:00.321 DEBUG DESKTOP-K9HJ7U1 - [           main] [.w.c.s.GenericWebApplicationContext] : Refreshing org.springframework.web.context.support.GenericWebApplicationContext@66c83fc8
2021-12-19 21:51:02.653  INFO DESKTOP-K9HJ7U1 - [           main] [r.c.RepositoryConfigurationDelegate] : Bootstrapping Spring Data JPA repositories in DEFERRED mode.
2021-12-19 21:51:02.722  INFO DESKTOP-K9HJ7U1 - [           main] [r.c.RepositoryConfigurationDelegate] : Finished Spring Data repository scanning in 38 ms. Found 0 JPA repository interfaces.
2021-12-19 21:51:03.893 DEBUG DESKTOP-K9HJ7U1 - [           main] [c.z.h.HikariConfig                 ] : Driver class org.h2.Driver found in Thread context class loader jdk.internal.loader.ClassLoaders$AppClassLoader@659e0bfd
2021-12-19 21:51:04.788  INFO DESKTOP-K9HJ7U1 - [         task-1] [o.h.j.i.u.LogHelper                ] : HHH000204: Processing PersistenceUnitInfo [name: default]
2021-12-19 21:51:05.068  INFO DESKTOP-K9HJ7U1 - [         task-1] [o.h.Version                        ] : HHH000412: Hibernate ORM core version 5.6.1.Final
2021-12-19 21:51:05.907  INFO DESKTOP-K9HJ7U1 - [         task-1] [o.h.a.c.Version                    ] : HCANN000001: Hibernate Commons Annotations {5.1.2.Final}
2021-12-19 21:51:06.638 DEBUG DESKTOP-K9HJ7U1 - [           main] [.m.m.a.RequestMappingHandlerAdapter] : ControllerAdvice beans: 0 @ModelAttribute, 0 @InitBinder, 1 RequestBodyAdvice, 1 ResponseBodyAdvice
2021-12-19 21:51:06.762 DEBUG DESKTOP-K9HJ7U1 - [         task-1] [c.z.h.HikariConfig                 ] : eshopConnectionPooling - configuration:
2021-12-19 21:51:06.826 DEBUG DESKTOP-K9HJ7U1 - [         task-1] [c.z.h.HikariConfig                 ] : allowPoolSuspension................................false
2021-12-19 21:51:06.826 DEBUG DESKTOP-K9HJ7U1 - [         task-1] [c.z.h.HikariConfig                 ] : autoCommit................................false
2021-12-19 21:51:06.826 DEBUG DESKTOP-K9HJ7U1 - [         task-1] [c.z.h.HikariConfig                 ] : catalog................................none
2021-12-19 21:51:06.826 DEBUG DESKTOP-K9HJ7U1 - [         task-1] [c.z.h.HikariConfig                 ] : connectionInitSql................................none
2021-12-19 21:51:06.826 DEBUG DESKTOP-K9HJ7U1 - [         task-1] [c.z.h.HikariConfig                 ] : connectionTestQuery................................"select 1 from dual;"
2021-12-19 21:51:06.826 DEBUG DESKTOP-K9HJ7U1 - [         task-1] [c.z.h.HikariConfig                 ] : connectionTimeout................................10000
2021-12-19 21:51:06.826 DEBUG DESKTOP-K9HJ7U1 - [         task-1] [c.z.h.HikariConfig                 ] : dataSource................................none
2021-12-19 21:51:06.826 DEBUG DESKTOP-K9HJ7U1 - [         task-1] [c.z.h.HikariConfig                 ] : dataSourceClassName................................none
2021-12-19 21:51:06.826 DEBUG DESKTOP-K9HJ7U1 - [         task-1] [c.z.h.HikariConfig                 ] : dataSourceJNDI................................none
2021-12-19 21:51:06.826 DEBUG DESKTOP-K9HJ7U1 - [         task-1] [c.z.h.HikariConfig                 ] : dataSourceProperties................................{password=<masked>, prepStmtCacheSqlLimit=2048, cachePrepStmts=true, prepStmtCacheSize=250}
2021-12-19 21:51:06.826 DEBUG DESKTOP-K9HJ7U1 - [         task-1] [c.z.h.HikariConfig                 ] : driverClassName................................"org.h2.Driver"
2021-12-19 21:51:06.826 DEBUG DESKTOP-K9HJ7U1 - [         task-1] [c.z.h.HikariConfig                 ] : exceptionOverrideClassName................................none
2021-12-19 21:51:06.826 DEBUG DESKTOP-K9HJ7U1 - [         task-1] [c.z.h.HikariConfig                 ] : healthCheckProperties................................{}
2021-12-19 21:51:06.826 DEBUG DESKTOP-K9HJ7U1 - [         task-1] [c.z.h.HikariConfig                 ] : healthCheckRegistry................................none
2021-12-19 21:51:06.826 DEBUG DESKTOP-K9HJ7U1 - [         task-1] [c.z.h.HikariConfig                 ] : idleTimeout................................30000
2021-12-19 21:51:06.826 DEBUG DESKTOP-K9HJ7U1 - [         task-1] [c.z.h.HikariConfig                 ] : initializationFailTimeout................................1
2021-12-19 21:51:06.826 DEBUG DESKTOP-K9HJ7U1 - [         task-1] [c.z.h.HikariConfig                 ] : isolateInternalQueries................................false
2021-12-19 21:51:06.826 DEBUG DESKTOP-K9HJ7U1 - [         task-1] [c.z.h.HikariConfig                 ] : jdbcUrl................................jdbc:h2:file:~/smdb;IFEXISTS=FALSE;AUTO_SERVER=TRUE;
2021-12-19 21:51:06.826 DEBUG DESKTOP-K9HJ7U1 - [         task-1] [c.z.h.HikariConfig                 ] : keepaliveTime................................0
2021-12-19 21:51:06.826 DEBUG DESKTOP-K9HJ7U1 - [         task-1] [c.z.h.HikariConfig                 ] : leakDetectionThreshold................................0
2021-12-19 21:51:06.826 DEBUG DESKTOP-K9HJ7U1 - [         task-1] [c.z.h.HikariConfig                 ] : maxLifetime................................60000
2021-12-19 21:51:06.826 DEBUG DESKTOP-K9HJ7U1 - [         task-1] [c.z.h.HikariConfig                 ] : maximumPoolSize................................10
2021-12-19 21:51:06.826 DEBUG DESKTOP-K9HJ7U1 - [         task-1] [c.z.h.HikariConfig                 ] : metricRegistry................................none
2021-12-19 21:51:06.826 DEBUG DESKTOP-K9HJ7U1 - [         task-1] [c.z.h.HikariConfig                 ] : metricsTrackerFactory................................none
2021-12-19 21:51:06.826 DEBUG DESKTOP-K9HJ7U1 - [         task-1] [c.z.h.HikariConfig                 ] : minimumIdle................................1
2021-12-19 21:51:06.826 DEBUG DESKTOP-K9HJ7U1 - [         task-1] [c.z.h.HikariConfig                 ] : password................................<masked>
2021-12-19 21:51:06.826 DEBUG DESKTOP-K9HJ7U1 - [         task-1] [c.z.h.HikariConfig                 ] : poolName................................"eshopConnectionPooling"
2021-12-19 21:51:06.826 DEBUG DESKTOP-K9HJ7U1 - [         task-1] [c.z.h.HikariConfig                 ] : readOnly................................false
2021-12-19 21:51:06.826 DEBUG DESKTOP-K9HJ7U1 - [         task-1] [c.z.h.HikariConfig                 ] : registerMbeans................................false
2021-12-19 21:51:06.826 DEBUG DESKTOP-K9HJ7U1 - [         task-1] [c.z.h.HikariConfig                 ] : scheduledExecutor................................none
2021-12-19 21:51:06.838 DEBUG DESKTOP-K9HJ7U1 - [         task-1] [c.z.h.HikariConfig                 ] : schema................................none
2021-12-19 21:51:06.838 DEBUG DESKTOP-K9HJ7U1 - [         task-1] [c.z.h.HikariConfig                 ] : threadFactory................................internal
2021-12-19 21:51:06.838 DEBUG DESKTOP-K9HJ7U1 - [         task-1] [c.z.h.HikariConfig                 ] : transactionIsolation................................"TRANSACTION_READ_COMMITTED"
2021-12-19 21:51:06.838 DEBUG DESKTOP-K9HJ7U1 - [         task-1] [c.z.h.HikariConfig                 ] : username................................"sa"
2021-12-19 21:51:06.838 DEBUG DESKTOP-K9HJ7U1 - [         task-1] [c.z.h.HikariConfig                 ] : validationTimeout................................5000
2021-12-19 21:51:06.838  INFO DESKTOP-K9HJ7U1 - [         task-1] [c.z.h.HikariDataSource             ] : eshopConnectionPooling - Starting...
2021-12-19 21:51:08.318 DEBUG DESKTOP-K9HJ7U1 - [         task-1] [c.z.h.p.HikariPool                 ] : eshopConnectionPooling - Added connection conn1: url=jdbc:h2:file:~/smdb user=SA
2021-12-19 21:51:08.318  INFO DESKTOP-K9HJ7U1 - [         task-1] [c.z.h.HikariDataSource             ] : eshopConnectionPooling - Start completed.
2021-12-19 21:51:08.318 DEBUG DESKTOP-K9HJ7U1 - [onnection adder] [c.z.h.p.HikariPool                 ] : eshopConnectionPooling - Added connection conn2: url=jdbc:h2:file:~/smdb user=SA
2021-12-19 21:51:08.336 DEBUG DESKTOP-K9HJ7U1 - [onnection adder] [c.z.h.p.HikariPool                 ] : eshopConnectionPooling - Added connection conn3: url=jdbc:h2:file:~/smdb user=SA
2021-12-19 21:51:08.344 DEBUG DESKTOP-K9HJ7U1 - [           main] [c.z.h.p.ProxyConnection            ] : eshopConnectionPooling - Executed rollback on connection conn2: url=jdbc:h2:file:~/smdb user=SA due to dirty commit state on close().
2021-12-19 21:51:08.344  INFO DESKTOP-K9HJ7U1 - [           main] [.s.b.a.h.H2ConsoleAutoConfiguration] : H2 console available at '/h2AdminConsole'. Database available at 'jdbc:h2:file:~/smdb'
2021-12-19 21:51:08.413  INFO DESKTOP-K9HJ7U1 - [         task-1] [o.h.d.Dialect                      ] : HHH000400: Using dialect: org.hibernate.dialect.H2Dialect
2021-12-19 21:51:08.430 DEBUG DESKTOP-K9HJ7U1 - [ing housekeeper] [c.z.h.p.HikariPool                 ] : eshopConnectionPooling - Before cleanup stats (total=3, active=1, idle=2, waiting=0)
2021-12-19 21:51:08.430 DEBUG DESKTOP-K9HJ7U1 - [ing housekeeper] [c.z.h.p.HikariPool                 ] : eshopConnectionPooling - After cleanup  stats (total=3, active=1, idle=2, waiting=0)
2021-12-19 21:51:08.430 DEBUG DESKTOP-K9HJ7U1 - [ing housekeeper] [c.z.h.p.HikariPool                 ] : eshopConnectionPooling - Fill pool skipped, pool is at sufficient level.
2021-12-19 21:51:08.486 DEBUG DESKTOP-K9HJ7U1 - [         task-1] [c.z.h.p.ProxyConnection            ] : eshopConnectionPooling - Executed rollback on connection conn1: url=jdbc:h2:file:~/smdb user=SA due to dirty commit state on close().
2021-12-19 21:51:08.502 DEBUG DESKTOP-K9HJ7U1 - [           main] [.m.m.a.RequestMappingHandlerMapping] : 4 mappings in 'requestMappingHandlerMapping'
2021-12-19 21:51:08.793 DEBUG DESKTOP-K9HJ7U1 - [           main] [o.s.w.s.h.SimpleUrlHandlerMapping  ] : Patterns [/webjars/**, /**] in 'resourceHandlerMapping'
2021-12-19 21:51:08.827 DEBUG DESKTOP-K9HJ7U1 - [           main] [a.ExceptionHandlerExceptionResolver] : ControllerAdvice beans: 0 @ExceptionHandler, 1 ResponseBodyAdvice
2021-12-19 21:51:09.027  WARN DESKTOP-K9HJ7U1 - [         task-1] [h.b.i.InFlightMetadataCollectorImpl] : HHH000069: Duplicate generator name idGenerator
2021-12-19 21:51:09.221 ERROR DESKTOP-K9HJ7U1 - [         task-1] [alContainerEntityManagerFactoryBean] : Failed to initialize JPA EntityManagerFactory: mappedBy reference an unknown target entity property: com.pf7.smdb.domain.Person.MovieBaseModel in com.pf7.smdb.domain.Movie.peopleSet
2021-12-19 21:51:09.466  INFO DESKTOP-K9HJ7U1 - [           main] [redRepositoryInitializationListener] : Triggering deferred initialization of Spring Data repositories…
2021-12-19 21:51:09.466  INFO DESKTOP-K9HJ7U1 - [           main] [redRepositoryInitializationListener] : Spring Data repositories initialized!
2021-12-19 21:51:09.473  INFO DESKTOP-K9HJ7U1 - [           main] [c.p.s.b.SmdbPf7ApplicationTests    ] : Started SmdbPf7ApplicationTests in 10.228 seconds (JVM running for 14.72)
2021-12-19 21:51:10.444 DEBUG DESKTOP-K9HJ7U1 - [ionShutdownHook] [.w.c.s.GenericWebApplicationContext] : Closing org.springframework.web.context.support.GenericWebApplicationContext@66c83fc8, started on Sun Dec 19 21:51:00 EET 2021
2021-12-19 21:51:10.448  INFO DESKTOP-K9HJ7U1 - [ionShutdownHook] [alContainerEntityManagerFactoryBean] : Closing JPA EntityManagerFactory for persistence unit 'default'
2021-12-19 21:51:10.448  WARN DESKTOP-K9HJ7U1 - [ionShutdownHook] [o.s.b.f.s.DisposableBeanAdapter    ] : Invocation of destroy method failed on bean with name 'entityManagerFactory': org.hibernate.AnnotationException: mappedBy reference an unknown target entity property: com.pf7.smdb.domain.Person.MovieBaseModel in com.pf7.smdb.domain.Movie.peopleSet
2021-12-19 21:51:10.448  INFO DESKTOP-K9HJ7U1 - [ionShutdownHook] [c.z.h.HikariDataSource             ] : eshopConnectionPooling - Shutdown initiated...
2021-12-19 21:51:10.448 DEBUG DESKTOP-K9HJ7U1 - [ionShutdownHook] [c.z.h.p.HikariPool                 ] : eshopConnectionPooling - Before shutdown stats (total=3, active=0, idle=3, waiting=0)
2021-12-19 21:51:10.448 DEBUG DESKTOP-K9HJ7U1 - [nnection closer] [c.z.h.p.PoolBase                   ] : eshopConnectionPooling - Closing connection conn1: url=jdbc:h2:file:~/smdb user=SA: (connection evicted)
2021-12-19 21:51:10.464 DEBUG DESKTOP-K9HJ7U1 - [nnection closer] [c.z.h.p.PoolBase                   ] : eshopConnectionPooling - Closing connection conn2: url=jdbc:h2:file:~/smdb user=SA: (connection evicted)
2021-12-19 21:51:10.464 DEBUG DESKTOP-K9HJ7U1 - [nnection closer] [c.z.h.p.PoolBase                   ] : eshopConnectionPooling - Closing connection conn3: url=jdbc:h2:file:~/smdb user=SA: (connection evicted)
2021-12-19 21:51:10.475 DEBUG DESKTOP-K9HJ7U1 - [ionShutdownHook] [c.z.h.p.HikariPool                 ] : eshopConnectionPooling - After shutdown stats (total=0, active=0, idle=0, waiting=0)
2021-12-19 21:51:10.475  INFO DESKTOP-K9HJ7U1 - [ionShutdownHook] [c.z.h.HikariDataSource             ] : eshopConnectionPooling - Shutdown completed.
2021-12-19 21:56:00.701  INFO DESKTOP-K9HJ7U1 - [           main] [c.p.s.SmdbPf7Application           ] : Hello
2021-12-19 21:56:55.617  INFO DESKTOP-K9HJ7U1 - [           main] [c.SpringBootTestContextBootstrapper] : Neither @ContextConfiguration nor @ContextHierarchy found for test class [com.pf7.smdb.base.SmdbPf7ApplicationTests], using SpringBootContextLoader
2021-12-19 21:56:55.632  INFO DESKTOP-K9HJ7U1 - [           main] [o.s.t.c.s.AbstractContextLoader    ] : Could not detect default resource locations for test class [com.pf7.smdb.base.SmdbPf7ApplicationTests]: no resource found for suffixes {-context.xml, Context.groovy}.
2021-12-19 21:56:55.632  INFO DESKTOP-K9HJ7U1 - [           main] [.AnnotationConfigContextLoaderUtils] : Could not detect default configuration classes for test class [com.pf7.smdb.base.SmdbPf7ApplicationTests]: SmdbPf7ApplicationTests does not declare any static, non-private, non-final, nested classes annotated with @Configuration.
2021-12-19 21:56:55.864  INFO DESKTOP-K9HJ7U1 - [           main] [c.SpringBootTestContextBootstrapper] : Found @SpringBootConfiguration com.pf7.smdb.SmdbPf7Application for test class com.pf7.smdb.base.SmdbPf7ApplicationTests
2021-12-19 21:56:56.164  INFO DESKTOP-K9HJ7U1 - [           main] [c.SpringBootTestContextBootstrapper] : Loaded default TestExecutionListener class names from location [META-INF/spring.factories]: [org.springframework.boot.test.mock.mockito.MockitoTestExecutionListener, org.springframework.boot.test.mock.mockito.ResetMocksTestExecutionListener, org.springframework.boot.test.autoconfigure.restdocs.RestDocsTestExecutionListener, org.springframework.boot.test.autoconfigure.web.client.MockRestServiceServerResetTestExecutionListener, org.springframework.boot.test.autoconfigure.web.servlet.MockMvcPrintOnlyOnFailureTestExecutionListener, org.springframework.boot.test.autoconfigure.web.servlet.WebDriverTestExecutionListener, org.springframework.boot.test.autoconfigure.webservices.client.MockWebServiceServerTestExecutionListener, org.springframework.test.context.web.ServletTestExecutionListener, org.springframework.test.context.support.DirtiesContextBeforeModesTestExecutionListener, org.springframework.test.context.event.ApplicationEventsTestExecutionListener, org.springframework.test.context.support.DependencyInjectionTestExecutionListener, org.springframework.test.context.support.DirtiesContextTestExecutionListener, org.springframework.test.context.transaction.TransactionalTestExecutionListener, org.springframework.test.context.jdbc.SqlScriptsTestExecutionListener, org.springframework.test.context.event.EventPublishingTestExecutionListener]
2021-12-19 21:56:56.249  INFO DESKTOP-K9HJ7U1 - [           main] [c.SpringBootTestContextBootstrapper] : Using TestExecutionListeners: [org.springframework.test.context.web.ServletTestExecutionListener@47a64f7d, org.springframework.test.context.support.DirtiesContextBeforeModesTestExecutionListener@33d05366, org.springframework.test.context.event.ApplicationEventsTestExecutionListener@27a0a5a2, org.springframework.boot.test.mock.mockito.MockitoTestExecutionListener@7692cd34, org.springframework.boot.test.autoconfigure.SpringBootDependencyInjectionTestExecutionListener@33aa93c, org.springframework.test.context.support.DirtiesContextTestExecutionListener@32c0915e, org.springframework.test.context.transaction.TransactionalTestExecutionListener@106faf11, org.springframework.test.context.jdbc.SqlScriptsTestExecutionListener@70f43b45, org.springframework.test.context.event.EventPublishingTestExecutionListener@26d10f2e, org.springframework.boot.test.mock.mockito.ResetMocksTestExecutionListener@10ad20cb, org.springframework.boot.test.autoconfigure.restdocs.RestDocsTestExecutionListener@7dd712e8, org.springframework.boot.test.autoconfigure.web.client.MockRestServiceServerResetTestExecutionListener@2c282004, org.springframework.boot.test.autoconfigure.web.servlet.MockMvcPrintOnlyOnFailureTestExecutionListener@22ee2d0, org.springframework.boot.test.autoconfigure.web.servlet.WebDriverTestExecutionListener@7bfc3126, org.springframework.boot.test.autoconfigure.webservices.client.MockWebServiceServerTestExecutionListener@3e792ce3]
2021-12-19 21:56:57.104  INFO DESKTOP-K9HJ7U1 - [kground-preinit] [o.h.v.i.u.Version                  ] : HV000001: Hibernate Validator 6.2.0.Final
2021-12-19 21:56:57.322  INFO DESKTOP-K9HJ7U1 - [           main] [c.p.s.b.SmdbPf7ApplicationTests    ] : Starting SmdbPf7ApplicationTests using Java 17.0.1 on DESKTOP-K9HJ7U1 with PID 4608 (started by vivi- in C:\Users\vivi-\Desktop\SMDB_pf7\SMDB_pf7)
2021-12-19 21:56:57.325 DEBUG DESKTOP-K9HJ7U1 - [           main] [c.p.s.b.SmdbPf7ApplicationTests    ] : Running with Spring Boot v2.6.1, Spring v5.3.13
2021-12-19 21:56:57.325  INFO DESKTOP-K9HJ7U1 - [           main] [c.p.s.b.SmdbPf7ApplicationTests    ] : No active profile set, falling back to default profiles: default
2021-12-19 21:56:57.473 DEBUG DESKTOP-K9HJ7U1 - [           main] [.w.c.s.GenericWebApplicationContext] : Refreshing org.springframework.web.context.support.GenericWebApplicationContext@546621c4
2021-12-19 21:57:00.624  INFO DESKTOP-K9HJ7U1 - [           main] [r.c.RepositoryConfigurationDelegate] : Bootstrapping Spring Data JPA repositories in DEFERRED mode.
2021-12-19 21:57:00.740  INFO DESKTOP-K9HJ7U1 - [           main] [r.c.RepositoryConfigurationDelegate] : Finished Spring Data repository scanning in 49 ms. Found 0 JPA repository interfaces.
2021-12-19 21:57:02.491 DEBUG DESKTOP-K9HJ7U1 - [           main] [c.z.h.HikariConfig                 ] : Driver class org.h2.Driver found in Thread context class loader jdk.internal.loader.ClassLoaders$AppClassLoader@659e0bfd
2021-12-19 21:57:03.431  INFO DESKTOP-K9HJ7U1 - [         task-1] [o.h.j.i.u.LogHelper                ] : HHH000204: Processing PersistenceUnitInfo [name: default]
2021-12-19 21:57:03.734  INFO DESKTOP-K9HJ7U1 - [         task-1] [o.h.Version                        ] : HHH000412: Hibernate ORM core version 5.6.1.Final
2021-12-19 21:57:04.498  INFO DESKTOP-K9HJ7U1 - [         task-1] [o.h.a.c.Version                    ] : HCANN000001: Hibernate Commons Annotations {5.1.2.Final}
2021-12-19 21:57:05.116 DEBUG DESKTOP-K9HJ7U1 - [         task-1] [c.z.h.HikariConfig                 ] : eshopConnectionPooling - configuration:
2021-12-19 21:57:05.116 DEBUG DESKTOP-K9HJ7U1 - [         task-1] [c.z.h.HikariConfig                 ] : allowPoolSuspension................................false
2021-12-19 21:57:05.116 DEBUG DESKTOP-K9HJ7U1 - [         task-1] [c.z.h.HikariConfig                 ] : autoCommit................................false
2021-12-19 21:57:05.116 DEBUG DESKTOP-K9HJ7U1 - [         task-1] [c.z.h.HikariConfig                 ] : catalog................................none
2021-12-19 21:57:05.116 DEBUG DESKTOP-K9HJ7U1 - [         task-1] [c.z.h.HikariConfig                 ] : connectionInitSql................................none
2021-12-19 21:57:05.116 DEBUG DESKTOP-K9HJ7U1 - [         task-1] [c.z.h.HikariConfig                 ] : connectionTestQuery................................"select 1 from dual;"
2021-12-19 21:57:05.116 DEBUG DESKTOP-K9HJ7U1 - [         task-1] [c.z.h.HikariConfig                 ] : connectionTimeout................................10000
2021-12-19 21:57:05.116 DEBUG DESKTOP-K9HJ7U1 - [         task-1] [c.z.h.HikariConfig                 ] : dataSource................................none
2021-12-19 21:57:05.116 DEBUG DESKTOP-K9HJ7U1 - [         task-1] [c.z.h.HikariConfig                 ] : dataSourceClassName................................none
2021-12-19 21:57:05.116 DEBUG DESKTOP-K9HJ7U1 - [         task-1] [c.z.h.HikariConfig                 ] : dataSourceJNDI................................none
2021-12-19 21:57:05.116 DEBUG DESKTOP-K9HJ7U1 - [         task-1] [c.z.h.HikariConfig                 ] : dataSourceProperties................................{password=<masked>, prepStmtCacheSqlLimit=2048, cachePrepStmts=true, prepStmtCacheSize=250}
2021-12-19 21:57:05.132 DEBUG DESKTOP-K9HJ7U1 - [         task-1] [c.z.h.HikariConfig                 ] : driverClassName................................"org.h2.Driver"
2021-12-19 21:57:05.132 DEBUG DESKTOP-K9HJ7U1 - [         task-1] [c.z.h.HikariConfig                 ] : exceptionOverrideClassName................................none
2021-12-19 21:57:05.132 DEBUG DESKTOP-K9HJ7U1 - [         task-1] [c.z.h.HikariConfig                 ] : healthCheckProperties................................{}
2021-12-19 21:57:05.132 DEBUG DESKTOP-K9HJ7U1 - [         task-1] [c.z.h.HikariConfig                 ] : healthCheckRegistry................................none
2021-12-19 21:57:05.132 DEBUG DESKTOP-K9HJ7U1 - [         task-1] [c.z.h.HikariConfig                 ] : idleTimeout................................30000
2021-12-19 21:57:05.132 DEBUG DESKTOP-K9HJ7U1 - [         task-1] [c.z.h.HikariConfig                 ] : initializationFailTimeout................................1
2021-12-19 21:57:05.132 DEBUG DESKTOP-K9HJ7U1 - [         task-1] [c.z.h.HikariConfig                 ] : isolateInternalQueries................................false
2021-12-19 21:57:05.132 DEBUG DESKTOP-K9HJ7U1 - [         task-1] [c.z.h.HikariConfig                 ] : jdbcUrl................................jdbc:h2:file:~/smdb;IFEXISTS=FALSE;AUTO_SERVER=TRUE;
2021-12-19 21:57:05.132 DEBUG DESKTOP-K9HJ7U1 - [         task-1] [c.z.h.HikariConfig                 ] : keepaliveTime................................0
2021-12-19 21:57:05.132 DEBUG DESKTOP-K9HJ7U1 - [         task-1] [c.z.h.HikariConfig                 ] : leakDetectionThreshold................................0
2021-12-19 21:57:05.132 DEBUG DESKTOP-K9HJ7U1 - [         task-1] [c.z.h.HikariConfig                 ] : maxLifetime................................60000
2021-12-19 21:57:05.132 DEBUG DESKTOP-K9HJ7U1 - [         task-1] [c.z.h.HikariConfig                 ] : maximumPoolSize................................10
2021-12-19 21:57:05.132 DEBUG DESKTOP-K9HJ7U1 - [         task-1] [c.z.h.HikariConfig                 ] : metricRegistry................................none
2021-12-19 21:57:05.132 DEBUG DESKTOP-K9HJ7U1 - [         task-1] [c.z.h.HikariConfig                 ] : metricsTrackerFactory................................none
2021-12-19 21:57:05.132 DEBUG DESKTOP-K9HJ7U1 - [         task-1] [c.z.h.HikariConfig                 ] : minimumIdle................................1
2021-12-19 21:57:05.132 DEBUG DESKTOP-K9HJ7U1 - [         task-1] [c.z.h.HikariConfig                 ] : password................................<masked>
2021-12-19 21:57:05.132 DEBUG DESKTOP-K9HJ7U1 - [         task-1] [c.z.h.HikariConfig                 ] : poolName................................"eshopConnectionPooling"
2021-12-19 21:57:05.132 DEBUG DESKTOP-K9HJ7U1 - [         task-1] [c.z.h.HikariConfig                 ] : readOnly................................false
2021-12-19 21:57:05.132 DEBUG DESKTOP-K9HJ7U1 - [         task-1] [c.z.h.HikariConfig                 ] : registerMbeans................................false
2021-12-19 21:57:05.132 DEBUG DESKTOP-K9HJ7U1 - [         task-1] [c.z.h.HikariConfig                 ] : scheduledExecutor................................none
2021-12-19 21:57:05.132 DEBUG DESKTOP-K9HJ7U1 - [         task-1] [c.z.h.HikariConfig                 ] : schema................................none
2021-12-19 21:57:05.132 DEBUG DESKTOP-K9HJ7U1 - [         task-1] [c.z.h.HikariConfig                 ] : threadFactory................................internal
2021-12-19 21:57:05.132 DEBUG DESKTOP-K9HJ7U1 - [         task-1] [c.z.h.HikariConfig                 ] : transactionIsolation................................"TRANSACTION_READ_COMMITTED"
2021-12-19 21:57:05.132 DEBUG DESKTOP-K9HJ7U1 - [         task-1] [c.z.h.HikariConfig                 ] : username................................"sa"
2021-12-19 21:57:05.132 DEBUG DESKTOP-K9HJ7U1 - [         task-1] [c.z.h.HikariConfig                 ] : validationTimeout................................5000
2021-12-19 21:57:05.132  INFO DESKTOP-K9HJ7U1 - [         task-1] [c.z.h.HikariDataSource             ] : eshopConnectionPooling - Starting...
2021-12-19 21:57:05.186 DEBUG DESKTOP-K9HJ7U1 - [           main] [.m.m.a.RequestMappingHandlerAdapter] : ControllerAdvice beans: 0 @ModelAttribute, 0 @InitBinder, 1 RequestBodyAdvice, 1 ResponseBodyAdvice
2021-12-19 21:57:06.436 DEBUG DESKTOP-K9HJ7U1 - [         task-1] [c.z.h.p.HikariPool                 ] : eshopConnectionPooling - Added connection conn1: url=jdbc:h2:file:~/smdb user=SA
2021-12-19 21:57:06.436  INFO DESKTOP-K9HJ7U1 - [         task-1] [c.z.h.HikariDataSource             ] : eshopConnectionPooling - Start completed.
2021-12-19 21:57:06.450 DEBUG DESKTOP-K9HJ7U1 - [onnection adder] [c.z.h.p.HikariPool                 ] : eshopConnectionPooling - Added connection conn2: url=jdbc:h2:file:~/smdb user=SA
2021-12-19 21:57:06.465 DEBUG DESKTOP-K9HJ7U1 - [           main] [c.z.h.p.ProxyConnection            ] : eshopConnectionPooling - Executed rollback on connection conn2: url=jdbc:h2:file:~/smdb user=SA due to dirty commit state on close().
2021-12-19 21:57:06.465  INFO DESKTOP-K9HJ7U1 - [           main] [.s.b.a.h.H2ConsoleAutoConfiguration] : H2 console available at '/h2AdminConsole'. Database available at 'jdbc:h2:file:~/smdb'
2021-12-19 21:57:06.540  INFO DESKTOP-K9HJ7U1 - [         task-1] [o.h.d.Dialect                      ] : HHH000400: Using dialect: org.hibernate.dialect.H2Dialect
2021-12-19 21:57:06.547 DEBUG DESKTOP-K9HJ7U1 - [ing housekeeper] [c.z.h.p.HikariPool                 ] : eshopConnectionPooling - Before cleanup stats (total=2, active=1, idle=1, waiting=0)
2021-12-19 21:57:06.550 DEBUG DESKTOP-K9HJ7U1 - [ing housekeeper] [c.z.h.p.HikariPool                 ] : eshopConnectionPooling - After cleanup  stats (total=2, active=1, idle=1, waiting=0)
2021-12-19 21:57:06.550 DEBUG DESKTOP-K9HJ7U1 - [ing housekeeper] [c.z.h.p.HikariPool                 ] : eshopConnectionPooling - Fill pool skipped, pool is at sufficient level.
2021-12-19 21:57:06.726 DEBUG DESKTOP-K9HJ7U1 - [         task-1] [c.z.h.p.ProxyConnection            ] : eshopConnectionPooling - Executed rollback on connection conn1: url=jdbc:h2:file:~/smdb user=SA due to dirty commit state on close().
2021-12-19 21:57:06.768 DEBUG DESKTOP-K9HJ7U1 - [           main] [.m.m.a.RequestMappingHandlerMapping] : 4 mappings in 'requestMappingHandlerMapping'
2021-12-19 21:57:07.090 DEBUG DESKTOP-K9HJ7U1 - [           main] [o.s.w.s.h.SimpleUrlHandlerMapping  ] : Patterns [/webjars/**, /**] in 'resourceHandlerMapping'
2021-12-19 21:57:07.138 DEBUG DESKTOP-K9HJ7U1 - [           main] [a.ExceptionHandlerExceptionResolver] : ControllerAdvice beans: 0 @ExceptionHandler, 1 ResponseBodyAdvice
2021-12-19 21:57:07.646  WARN DESKTOP-K9HJ7U1 - [         task-1] [h.b.i.InFlightMetadataCollectorImpl] : HHH000069: Duplicate generator name idGenerator
2021-12-19 21:57:07.682 ERROR DESKTOP-K9HJ7U1 - [         task-1] [alContainerEntityManagerFactoryBean] : Failed to initialize JPA EntityManagerFactory: mappedBy reference an unknown target entity property: com.pf7.smdb.domain.Person.MovieBaseModel in com.pf7.smdb.domain.Movie.peopleSet
2021-12-19 21:57:07.961  INFO DESKTOP-K9HJ7U1 - [           main] [redRepositoryInitializationListener] : Triggering deferred initialization of Spring Data repositories…
2021-12-19 21:57:07.961  INFO DESKTOP-K9HJ7U1 - [           main] [redRepositoryInitializationListener] : Spring Data repositories initialized!
2021-12-19 21:57:07.977  INFO DESKTOP-K9HJ7U1 - [           main] [c.p.s.b.SmdbPf7ApplicationTests    ] : Started SmdbPf7ApplicationTests in 11.624 seconds (JVM running for 15.424)
2021-12-19 21:57:09.607 DEBUG DESKTOP-K9HJ7U1 - [ionShutdownHook] [.w.c.s.GenericWebApplicationContext] : Closing org.springframework.web.context.support.GenericWebApplicationContext@546621c4, started on Sun Dec 19 21:56:57 EET 2021
2021-12-19 21:57:09.607  INFO DESKTOP-K9HJ7U1 - [ionShutdownHook] [alContainerEntityManagerFactoryBean] : Closing JPA EntityManagerFactory for persistence unit 'default'
2021-12-19 21:57:09.607  WARN DESKTOP-K9HJ7U1 - [ionShutdownHook] [o.s.b.f.s.DisposableBeanAdapter    ] : Invocation of destroy method failed on bean with name 'entityManagerFactory': org.hibernate.AnnotationException: mappedBy reference an unknown target entity property: com.pf7.smdb.domain.Person.MovieBaseModel in com.pf7.smdb.domain.Movie.peopleSet
2021-12-19 21:57:09.607  INFO DESKTOP-K9HJ7U1 - [ionShutdownHook] [c.z.h.HikariDataSource             ] : eshopConnectionPooling - Shutdown initiated...
2021-12-19 21:57:09.607 DEBUG DESKTOP-K9HJ7U1 - [ionShutdownHook] [c.z.h.p.HikariPool                 ] : eshopConnectionPooling - Before shutdown stats (total=2, active=0, idle=2, waiting=0)
2021-12-19 21:57:09.607 DEBUG DESKTOP-K9HJ7U1 - [nnection closer] [c.z.h.p.PoolBase                   ] : eshopConnectionPooling - Closing connection conn1: url=jdbc:h2:file:~/smdb user=SA: (connection evicted)
2021-12-19 21:57:09.607 DEBUG DESKTOP-K9HJ7U1 - [nnection closer] [c.z.h.p.PoolBase                   ] : eshopConnectionPooling - Closing connection conn2: url=jdbc:h2:file:~/smdb user=SA: (connection evicted)
2021-12-19 21:57:09.686 DEBUG DESKTOP-K9HJ7U1 - [ionShutdownHook] [c.z.h.p.HikariPool                 ] : eshopConnectionPooling - After shutdown stats (total=0, active=0, idle=0, waiting=0)
2021-12-19 21:57:09.686  INFO DESKTOP-K9HJ7U1 - [ionShutdownHook] [c.z.h.HikariDataSource             ] : eshopConnectionPooling - Shutdown completed.
2021-12-19 21:58:29.055  INFO DESKTOP-K9HJ7U1 - [           main] [c.SpringBootTestContextBootstrapper] : Neither @ContextConfiguration nor @ContextHierarchy found for test class [com.pf7.smdb.base.SmdbPf7ApplicationTests], using SpringBootContextLoader
2021-12-19 21:58:29.055  INFO DESKTOP-K9HJ7U1 - [           main] [o.s.t.c.s.AbstractContextLoader    ] : Could not detect default resource locations for test class [com.pf7.smdb.base.SmdbPf7ApplicationTests]: no resource found for suffixes {-context.xml, Context.groovy}.
2021-12-19 21:58:29.055  INFO DESKTOP-K9HJ7U1 - [           main] [.AnnotationConfigContextLoaderUtils] : Could not detect default configuration classes for test class [com.pf7.smdb.base.SmdbPf7ApplicationTests]: SmdbPf7ApplicationTests does not declare any static, non-private, non-final, nested classes annotated with @Configuration.
2021-12-19 21:58:29.256  INFO DESKTOP-K9HJ7U1 - [           main] [c.SpringBootTestContextBootstrapper] : Found @SpringBootConfiguration com.pf7.smdb.SmdbPf7Application for test class com.pf7.smdb.base.SmdbPf7ApplicationTests
2021-12-19 21:58:29.450  INFO DESKTOP-K9HJ7U1 - [           main] [c.SpringBootTestContextBootstrapper] : Loaded default TestExecutionListener class names from location [META-INF/spring.factories]: [org.springframework.boot.test.mock.mockito.MockitoTestExecutionListener, org.springframework.boot.test.mock.mockito.ResetMocksTestExecutionListener, org.springframework.boot.test.autoconfigure.restdocs.RestDocsTestExecutionListener, org.springframework.boot.test.autoconfigure.web.client.MockRestServiceServerResetTestExecutionListener, org.springframework.boot.test.autoconfigure.web.servlet.MockMvcPrintOnlyOnFailureTestExecutionListener, org.springframework.boot.test.autoconfigure.web.servlet.WebDriverTestExecutionListener, org.springframework.boot.test.autoconfigure.webservices.client.MockWebServiceServerTestExecutionListener, org.springframework.test.context.web.ServletTestExecutionListener, org.springframework.test.context.support.DirtiesContextBeforeModesTestExecutionListener, org.springframework.test.context.event.ApplicationEventsTestExecutionListener, org.springframework.test.context.support.DependencyInjectionTestExecutionListener, org.springframework.test.context.support.DirtiesContextTestExecutionListener, org.springframework.test.context.transaction.TransactionalTestExecutionListener, org.springframework.test.context.jdbc.SqlScriptsTestExecutionListener, org.springframework.test.context.event.EventPublishingTestExecutionListener]
2021-12-19 21:58:29.487  INFO DESKTOP-K9HJ7U1 - [           main] [c.SpringBootTestContextBootstrapper] : Using TestExecutionListeners: [org.springframework.test.context.web.ServletTestExecutionListener@27a0a5a2, org.springframework.test.context.support.DirtiesContextBeforeModesTestExecutionListener@7692cd34, org.springframework.test.context.event.ApplicationEventsTestExecutionListener@33aa93c, org.springframework.boot.test.mock.mockito.MockitoTestExecutionListener@32c0915e, org.springframework.boot.test.autoconfigure.SpringBootDependencyInjectionTestExecutionListener@106faf11, org.springframework.test.context.support.DirtiesContextTestExecutionListener@70f43b45, org.springframework.test.context.transaction.TransactionalTestExecutionListener@26d10f2e, org.springframework.test.context.jdbc.SqlScriptsTestExecutionListener@10ad20cb, org.springframework.test.context.event.EventPublishingTestExecutionListener@7dd712e8, org.springframework.boot.test.mock.mockito.ResetMocksTestExecutionListener@2c282004, org.springframework.boot.test.autoconfigure.restdocs.RestDocsTestExecutionListener@22ee2d0, org.springframework.boot.test.autoconfigure.web.client.MockRestServiceServerResetTestExecutionListener@7bfc3126, org.springframework.boot.test.autoconfigure.web.servlet.MockMvcPrintOnlyOnFailureTestExecutionListener@3e792ce3, org.springframework.boot.test.autoconfigure.web.servlet.WebDriverTestExecutionListener@53bc1328, org.springframework.boot.test.autoconfigure.webservices.client.MockWebServiceServerTestExecutionListener@26f143ed]
2021-12-19 21:58:30.127  INFO DESKTOP-K9HJ7U1 - [kground-preinit] [o.h.v.i.u.Version                  ] : HV000001: Hibernate Validator 6.2.0.Final
2021-12-19 21:58:30.189  INFO DESKTOP-K9HJ7U1 - [           main] [c.p.s.b.SmdbPf7ApplicationTests    ] : Starting SmdbPf7ApplicationTests using Java 17.0.1 on DESKTOP-K9HJ7U1 with PID 3392 (started by vivi- in C:\Users\vivi-\Desktop\SMDB_pf7\SMDB_pf7)
2021-12-19 21:58:30.191 DEBUG DESKTOP-K9HJ7U1 - [           main] [c.p.s.b.SmdbPf7ApplicationTests    ] : Running with Spring Boot v2.6.1, Spring v5.3.13
2021-12-19 21:58:30.191  INFO DESKTOP-K9HJ7U1 - [           main] [c.p.s.b.SmdbPf7ApplicationTests    ] : No active profile set, falling back to default profiles: default
2021-12-19 21:58:30.258 DEBUG DESKTOP-K9HJ7U1 - [           main] [.w.c.s.GenericWebApplicationContext] : Refreshing org.springframework.web.context.support.GenericWebApplicationContext@f339eae
2021-12-19 21:58:31.754  INFO DESKTOP-K9HJ7U1 - [           main] [r.c.RepositoryConfigurationDelegate] : Bootstrapping Spring Data JPA repositories in DEFERRED mode.
2021-12-19 21:58:31.786  INFO DESKTOP-K9HJ7U1 - [           main] [r.c.RepositoryConfigurationDelegate] : Finished Spring Data repository scanning in 17 ms. Found 0 JPA repository interfaces.
2021-12-19 21:58:32.487 DEBUG DESKTOP-K9HJ7U1 - [           main] [c.z.h.HikariConfig                 ] : Driver class org.h2.Driver found in Thread context class loader jdk.internal.loader.ClassLoaders$AppClassLoader@659e0bfd
2021-12-19 21:58:32.841  INFO DESKTOP-K9HJ7U1 - [         task-1] [o.h.j.i.u.LogHelper                ] : HHH000204: Processing PersistenceUnitInfo [name: default]
2021-12-19 21:58:33.039  INFO DESKTOP-K9HJ7U1 - [         task-1] [o.h.Version                        ] : HHH000412: Hibernate ORM core version 5.6.1.Final
2021-12-19 21:58:33.639  INFO DESKTOP-K9HJ7U1 - [         task-1] [o.h.a.c.Version                    ] : HCANN000001: Hibernate Commons Annotations {5.1.2.Final}
2021-12-19 21:58:34.033 DEBUG DESKTOP-K9HJ7U1 - [           main] [.m.m.a.RequestMappingHandlerAdapter] : ControllerAdvice beans: 0 @ModelAttribute, 0 @InitBinder, 1 RequestBodyAdvice, 1 ResponseBodyAdvice
2021-12-19 21:58:34.155 DEBUG DESKTOP-K9HJ7U1 - [           main] [c.z.h.HikariConfig                 ] : eshopConnectionPooling - configuration:
2021-12-19 21:58:34.165 DEBUG DESKTOP-K9HJ7U1 - [           main] [c.z.h.HikariConfig                 ] : allowPoolSuspension................................false
2021-12-19 21:58:34.173 DEBUG DESKTOP-K9HJ7U1 - [           main] [c.z.h.HikariConfig                 ] : autoCommit................................false
2021-12-19 21:58:34.175 DEBUG DESKTOP-K9HJ7U1 - [           main] [c.z.h.HikariConfig                 ] : catalog................................none
2021-12-19 21:58:34.175 DEBUG DESKTOP-K9HJ7U1 - [           main] [c.z.h.HikariConfig                 ] : connectionInitSql................................none
2021-12-19 21:58:34.175 DEBUG DESKTOP-K9HJ7U1 - [           main] [c.z.h.HikariConfig                 ] : connectionTestQuery................................"select 1 from dual;"
2021-12-19 21:58:34.175 DEBUG DESKTOP-K9HJ7U1 - [           main] [c.z.h.HikariConfig                 ] : connectionTimeout................................10000
2021-12-19 21:58:34.175 DEBUG DESKTOP-K9HJ7U1 - [           main] [c.z.h.HikariConfig                 ] : dataSource................................none
2021-12-19 21:58:34.175 DEBUG DESKTOP-K9HJ7U1 - [           main] [c.z.h.HikariConfig                 ] : dataSourceClassName................................none
2021-12-19 21:58:34.175 DEBUG DESKTOP-K9HJ7U1 - [           main] [c.z.h.HikariConfig                 ] : dataSourceJNDI................................none
2021-12-19 21:58:34.185 DEBUG DESKTOP-K9HJ7U1 - [           main] [c.z.h.HikariConfig                 ] : dataSourceProperties................................{password=<masked>, prepStmtCacheSqlLimit=2048, cachePrepStmts=true, prepStmtCacheSize=250}
2021-12-19 21:58:34.185 DEBUG DESKTOP-K9HJ7U1 - [           main] [c.z.h.HikariConfig                 ] : driverClassName................................"org.h2.Driver"
2021-12-19 21:58:34.185 DEBUG DESKTOP-K9HJ7U1 - [           main] [c.z.h.HikariConfig                 ] : exceptionOverrideClassName................................none
2021-12-19 21:58:34.185 DEBUG DESKTOP-K9HJ7U1 - [           main] [c.z.h.HikariConfig                 ] : healthCheckProperties................................{}
2021-12-19 21:58:34.185 DEBUG DESKTOP-K9HJ7U1 - [           main] [c.z.h.HikariConfig                 ] : healthCheckRegistry................................none
2021-12-19 21:58:34.185 DEBUG DESKTOP-K9HJ7U1 - [           main] [c.z.h.HikariConfig                 ] : idleTimeout................................30000
2021-12-19 21:58:34.185 DEBUG DESKTOP-K9HJ7U1 - [           main] [c.z.h.HikariConfig                 ] : initializationFailTimeout................................1
2021-12-19 21:58:34.185 DEBUG DESKTOP-K9HJ7U1 - [           main] [c.z.h.HikariConfig                 ] : isolateInternalQueries................................false
2021-12-19 21:58:34.185 DEBUG DESKTOP-K9HJ7U1 - [           main] [c.z.h.HikariConfig                 ] : jdbcUrl................................jdbc:h2:file:~/smdb;IFEXISTS=FALSE;AUTO_SERVER=TRUE;
2021-12-19 21:58:34.185 DEBUG DESKTOP-K9HJ7U1 - [           main] [c.z.h.HikariConfig                 ] : keepaliveTime................................0
2021-12-19 21:58:34.185 DEBUG DESKTOP-K9HJ7U1 - [           main] [c.z.h.HikariConfig                 ] : leakDetectionThreshold................................0
2021-12-19 21:58:34.185 DEBUG DESKTOP-K9HJ7U1 - [           main] [c.z.h.HikariConfig                 ] : maxLifetime................................60000
2021-12-19 21:58:34.185 DEBUG DESKTOP-K9HJ7U1 - [           main] [c.z.h.HikariConfig                 ] : maximumPoolSize................................10
2021-12-19 21:58:34.185 DEBUG DESKTOP-K9HJ7U1 - [           main] [c.z.h.HikariConfig                 ] : metricRegistry................................none
2021-12-19 21:58:34.185 DEBUG DESKTOP-K9HJ7U1 - [           main] [c.z.h.HikariConfig                 ] : metricsTrackerFactory................................none
2021-12-19 21:58:34.185 DEBUG DESKTOP-K9HJ7U1 - [           main] [c.z.h.HikariConfig                 ] : minimumIdle................................1
2021-12-19 21:58:34.185 DEBUG DESKTOP-K9HJ7U1 - [           main] [c.z.h.HikariConfig                 ] : password................................<masked>
2021-12-19 21:58:34.193 DEBUG DESKTOP-K9HJ7U1 - [           main] [c.z.h.HikariConfig                 ] : poolName................................"eshopConnectionPooling"
2021-12-19 21:58:34.193 DEBUG DESKTOP-K9HJ7U1 - [           main] [c.z.h.HikariConfig                 ] : readOnly................................false
2021-12-19 21:58:34.193 DEBUG DESKTOP-K9HJ7U1 - [           main] [c.z.h.HikariConfig                 ] : registerMbeans................................false
2021-12-19 21:58:34.193 DEBUG DESKTOP-K9HJ7U1 - [           main] [c.z.h.HikariConfig                 ] : scheduledExecutor................................none
2021-12-19 21:58:34.193 DEBUG DESKTOP-K9HJ7U1 - [           main] [c.z.h.HikariConfig                 ] : schema................................none
2021-12-19 21:58:34.193 DEBUG DESKTOP-K9HJ7U1 - [           main] [c.z.h.HikariConfig                 ] : threadFactory................................internal
2021-12-19 21:58:34.193 DEBUG DESKTOP-K9HJ7U1 - [           main] [c.z.h.HikariConfig                 ] : transactionIsolation................................"TRANSACTION_READ_COMMITTED"
2021-12-19 21:58:34.193 DEBUG DESKTOP-K9HJ7U1 - [           main] [c.z.h.HikariConfig                 ] : username................................"sa"
2021-12-19 21:58:34.193 DEBUG DESKTOP-K9HJ7U1 - [           main] [c.z.h.HikariConfig                 ] : validationTimeout................................5000
2021-12-19 21:58:34.193  INFO DESKTOP-K9HJ7U1 - [           main] [c.z.h.HikariDataSource             ] : eshopConnectionPooling - Starting...
2021-12-19 21:58:34.931 DEBUG DESKTOP-K9HJ7U1 - [           main] [c.z.h.p.HikariPool                 ] : eshopConnectionPooling - Added connection conn1: url=jdbc:h2:file:~/smdb user=SA
2021-12-19 21:58:34.947  INFO DESKTOP-K9HJ7U1 - [           main] [c.z.h.HikariDataSource             ] : eshopConnectionPooling - Start completed.
2021-12-19 21:58:34.947 DEBUG DESKTOP-K9HJ7U1 - [onnection adder] [c.z.h.p.HikariPool                 ] : eshopConnectionPooling - Added connection conn2: url=jdbc:h2:file:~/smdb user=SA
2021-12-19 21:58:34.967 DEBUG DESKTOP-K9HJ7U1 - [           main] [c.z.h.p.ProxyConnection            ] : eshopConnectionPooling - Executed rollback on connection conn2: url=jdbc:h2:file:~/smdb user=SA due to dirty commit state on close().
2021-12-19 21:58:34.967  INFO DESKTOP-K9HJ7U1 - [           main] [.s.b.a.h.H2ConsoleAutoConfiguration] : H2 console available at '/h2AdminConsole'. Database available at 'jdbc:h2:file:~/smdb'
2021-12-19 21:58:34.993  INFO DESKTOP-K9HJ7U1 - [         task-1] [o.h.d.Dialect                      ] : HHH000400: Using dialect: org.hibernate.dialect.H2Dialect
2021-12-19 21:58:35.087 DEBUG DESKTOP-K9HJ7U1 - [ing housekeeper] [c.z.h.p.HikariPool                 ] : eshopConnectionPooling - Before cleanup stats (total=2, active=1, idle=1, waiting=0)
2021-12-19 21:58:35.095 DEBUG DESKTOP-K9HJ7U1 - [         task-1] [c.z.h.p.ProxyConnection            ] : eshopConnectionPooling - Executed rollback on connection conn1: url=jdbc:h2:file:~/smdb user=SA due to dirty commit state on close().
2021-12-19 21:58:35.095 DEBUG DESKTOP-K9HJ7U1 - [ing housekeeper] [c.z.h.p.HikariPool                 ] : eshopConnectionPooling - After cleanup  stats (total=2, active=1, idle=1, waiting=0)
2021-12-19 21:58:35.095 DEBUG DESKTOP-K9HJ7U1 - [ing housekeeper] [c.z.h.p.HikariPool                 ] : eshopConnectionPooling - Fill pool skipped, pool is at sufficient level.
2021-12-19 21:58:35.138 DEBUG DESKTOP-K9HJ7U1 - [           main] [.m.m.a.RequestMappingHandlerMapping] : 4 mappings in 'requestMappingHandlerMapping'
2021-12-19 21:58:35.340 DEBUG DESKTOP-K9HJ7U1 - [           main] [o.s.w.s.h.SimpleUrlHandlerMapping  ] : Patterns [/webjars/**, /**] in 'resourceHandlerMapping'
2021-12-19 21:58:35.370 DEBUG DESKTOP-K9HJ7U1 - [           main] [a.ExceptionHandlerExceptionResolver] : ControllerAdvice beans: 0 @ExceptionHandler, 1 ResponseBodyAdvice
2021-12-19 21:58:35.549  WARN DESKTOP-K9HJ7U1 - [         task-1] [h.b.i.InFlightMetadataCollectorImpl] : HHH000069: Duplicate generator name idGenerator
2021-12-19 21:58:35.632 ERROR DESKTOP-K9HJ7U1 - [         task-1] [alContainerEntityManagerFactoryBean] : Failed to initialize JPA EntityManagerFactory: mappedBy reference an unknown target entity property: com.pf7.smdb.domain.Person.MovieBaseModel in com.pf7.smdb.domain.Movie.peopleSet
2021-12-19 21:58:35.824  INFO DESKTOP-K9HJ7U1 - [           main] [redRepositoryInitializationListener] : Triggering deferred initialization of Spring Data repositories…
2021-12-19 21:58:35.824  INFO DESKTOP-K9HJ7U1 - [           main] [redRepositoryInitializationListener] : Spring Data repositories initialized!
2021-12-19 21:58:35.844  INFO DESKTOP-K9HJ7U1 - [           main] [c.p.s.b.SmdbPf7ApplicationTests    ] : Started SmdbPf7ApplicationTests in 6.246 seconds (JVM running for 11.278)
2021-12-19 21:58:36.698 DEBUG DESKTOP-K9HJ7U1 - [ionShutdownHook] [.w.c.s.GenericWebApplicationContext] : Closing org.springframework.web.context.support.GenericWebApplicationContext@f339eae, started on Sun Dec 19 21:58:30 EET 2021
2021-12-19 21:58:36.698  INFO DESKTOP-K9HJ7U1 - [ionShutdownHook] [alContainerEntityManagerFactoryBean] : Closing JPA EntityManagerFactory for persistence unit 'default'
2021-12-19 21:58:36.698  WARN DESKTOP-K9HJ7U1 - [ionShutdownHook] [o.s.b.f.s.DisposableBeanAdapter    ] : Invocation of destroy method failed on bean with name 'entityManagerFactory': org.hibernate.AnnotationException: mappedBy reference an unknown target entity property: com.pf7.smdb.domain.Person.MovieBaseModel in com.pf7.smdb.domain.Movie.peopleSet
2021-12-19 21:58:36.698  INFO DESKTOP-K9HJ7U1 - [ionShutdownHook] [c.z.h.HikariDataSource             ] : eshopConnectionPooling - Shutdown initiated...
2021-12-19 21:58:36.698 DEBUG DESKTOP-K9HJ7U1 - [ionShutdownHook] [c.z.h.p.HikariPool                 ] : eshopConnectionPooling - Before shutdown stats (total=2, active=0, idle=2, waiting=0)
2021-12-19 21:58:36.698 DEBUG DESKTOP-K9HJ7U1 - [nnection closer] [c.z.h.p.PoolBase                   ] : eshopConnectionPooling - Closing connection conn1: url=jdbc:h2:file:~/smdb user=SA: (connection evicted)
2021-12-19 21:58:36.698 DEBUG DESKTOP-K9HJ7U1 - [nnection closer] [c.z.h.p.PoolBase                   ] : eshopConnectionPooling - Closing connection conn2: url=jdbc:h2:file:~/smdb user=SA: (connection evicted)
2021-12-19 21:58:37.022 DEBUG DESKTOP-K9HJ7U1 - [ionShutdownHook] [c.z.h.p.HikariPool                 ] : eshopConnectionPooling - After shutdown stats (total=0, active=0, idle=0, waiting=0)
2021-12-19 21:58:37.022  INFO DESKTOP-K9HJ7U1 - [ionShutdownHook] [c.z.h.HikariDataSource             ] : eshopConnectionPooling - Shutdown completed.
